[INFO] config loaded: ../config.yaml
[INFO] mode: MOCK (no UDP, no XHand)
[INFO] loaded ../example.json (mock source)
[tick   1] L: [+0.498, -0.175, +0.000, +0.000, +0.229, +0.227, +0.023, +0.091, +0.159, +0.244, +0.431, +0.544] R: [+0.249, -0.175, +0.021, +0.000, +0.134, +0.191, +0.070, +0.106, +0.033, +0.085, +0.201, +0.248]
[tick   2] L: [+0.498, -0.175, +0.000, +0.000, +0.229, +0.227, +0.023, +0.091, +0.159, +0.244, +0.431, +0.544] R: [+0.249, -0.175, +0.021, +0.000, +0.134, +0.191, +0.070, +0.106, +0.033, +0.085, +0.201, +0.248]
[tick   3] L: [+0.498, -0.175, +0.000, +0.000, +0.229, +0.227, +0.023, +0.091, +0.159, +0.244, +0.431, +0.544] R: [+0.249, -0.175, +0.021, +0.000, +0.134, +0.191, +0.070, +0.106, +0.033, +0.085, +0.201, +0.248]
[tick   4] L: [+0.498, -0.175, +0.000, +0.000, +0.229, +0.227, +0.023, +0.091, +0.159, +0.244, +0.431, +0.544] R: [+0.249, -0.175, +0.021, +0.000, +0.134, +0.191, +0.070, +0.106, +0.033, +0.085, +0.201, +0.248]
[tick   5] L: [+0.498, -0.175, +0.000, +0.000, +0.229, +0.227, +0.023, +0.091, +0.159, +0.244, +0.431, +0.544] R: [+0.249, -0.175, +0.021, +0.000, +0.134, +0.191, +0.070, +0.106, +0.033, +0.085, +0.201, +0.248]
[tick   6] L: [+0.498, -0.175, +0.000, +0.000, +0.229, +0.227, +0.023, +0.091, +0.159, +0.244, +0.431, +0.544] R: [+0.249, -0.175, +0.021, +0.000, +0.134, +0.191, +0.070, +0.106, +0.033, +0.085, +0.201, +0.248]
[tick   7] L: [+0.498, -0.175, +0.000, +0.000, +0.229, +0.227, +0.023, +0.091, +0.159, +0.244, +0.431, +0.544] R: [+0.249, -0.175, +0.021, +0.000, +0.134, +0.191, +0.070, +0.106, +0.033, +0.085, +0.201, +0.248]
[tick   8] L: [+0.498, -0.175, +0.000, +0.000, +0.229, +0.227, +0.023, +0.091, +0.159, +0.244, +0.431, +0.544] R: [+0.249, -0.175, +0.021, +0.000, +0.134, +0.191, +0.070, +0.106, +0.033, +0.085, +0.201, +0.248]
[tick   9] L: [+0.498, -0.175, +0.000, +0.000, +0.229, +0.227, +0.023, +0.091, +0.159, +0.244, +0.431, +0.544] R: [+0.249, -0.175, +0.021, +0.000, +0.134, +0.191, +0.070, +0.106, +0.033, +0.085, +0.201, +0.248]
[tick  10] L: [+0.498, -0.175, +0.000, +0.000, +0.229, +0.227, +0.023, +0.091, +0.159, +0.244, +0.431, +0.544] R: [+0.249, -0.175, +0.021, +0.000, +0.134, +0.191, +0.070, +0.106, +0.033, +0.085, +0.201, +0.248]
[tick  11] L: [+0.498, -0.175, +0.000, +0.000, +0.229, +0.227, +0.023, +0.091, +0.159, +0.244, +0.431, +0.544] R: [+0.249, -0.175, +0.021, +0.000, +0.134, +0.191, +0.070, +0.106, +0.033, +0.085, +0.201, +0.248]
[tick  12] L: [+0.498, -0.175, +0.000, +0.000, +0.229, +0.227, +0.023, +0.091, +0.159, +0.244, +0.431, +0.544] R: [+0.249, -0.175, +0.021, +0.000, +0.134, +0.191, +0.070, +0.106, +0.033, +0.085, +0.201, +0.248]
[tick  13] L: [+0.498, -0.175, +0.000, +0.000, +0.229, +0.227, +0.023, +0.091, +0.159, +0.244, +0.431, +0.544] R: [+0.249, -0.175, +0.021, +0.000, +0.134, +0.191, +0.070, +0.106, +0.033, +0.085, +0.201, +0.248]
[tick  14] L: [+0.498, -0.175, +0.000, +0.000, +0.229, +0.227, +0.023, +0.091, +0.159, +0.244, +0.431, +0.544] R: [+0.249, -0.175, +0.021, +0.000, +0.134, +0.191, +0.070, +0.106, +0.033, +0.085, +0.201, +0.248]
[tick  15] L: [+0.498, -0.175, +0.000, +0.000, +0.229, +0.227, +0.023, +0.091, +0.159, +0.244, +0.431, +0.544] R: [+0.249, -0.175, +0.021, +0.000, +0.134, +0.191, +0.070, +0.106, +0.033, +0.085, +0.201, +0.248]
[tick  16] L: [+0.498, -0.175, +0.000, +0.000, +0.229, +0.227, +0.023, +0.091, +0.159, +0.244, +0.431, +0.544] R: [+0.249, -0.175, +0.021, +0.000, +0.134, +0.191, +0.070, +0.106, +0.033, +0.085, +0.201, +0.248]
[tick  17] L: [+0.498, -0.175, +0.000, +0.000, +0.229, +0.227, +0.023, +0.091, +0.159, +0.244, +0.431, +0.544] R: [+0.249, -0.175, +0.021, +0.000, +0.134, +0.191, +0.070, +0.106, +0.033, +0.085, +0.201, +0.248]
[tick  18] L: [+0.498, -0.175, +0.000, +0.000, +0.229, +0.227, +0.023, +0.091, +0.159, +0.244, +0.431, +0.544] R: [+0.249, -0.175, +0.021, +0.000, +0.134, +0.191, +0.070, +0.106, +0.033, +0.085, +0.201, +0.248]
[tick  19] L: [+0.498, -0.175, +0.000, +0.000, +0.229, +0.227, +0.023, +0.091, +0.159, +0.244, +0.431, +0.544] R: [+0.249, -0.175, +0.021, +0.000, +0.134, +0.191, +0.070, +0.106, +0.033, +0.085, +0.201, +0.248]
[tick  20] L: [+0.498, -0.175, +0.000, +0.000, +0.229, +0.227, +0.023, +0.091, +0.159, +0.244, +0.431, +0.544] R: [+0.249, -0.175, +0.021, +0.000, +0.134, +0.191, +0.070, +0.106, +0.033, +0.085, +0.201, +0.248]
[tick  21] L: [+0.498, -0.175, +0.000, +0.000, +0.229, +0.227, +0.023, +0.091, +0.159, +0.244, +0.431, +0.544] R: [+0.249, -0.175, +0.021, +0.000, +0.134, +0.191, +0.070, +0.106, +0.033, +0.085, +0.201, +0.248]
[tick  22] L: [+0.498, -0.175, +0.000, +0.000, +0.229, +0.227, +0.023, +0.091, +0.159, +0.244, +0.431, +0.544] R: [+0.249, -0.175, +0.021, +0.000, +0.134, +0.191, +0.070, +0.106, +0.033, +0.085, +0.201, +0.248]
[tick  23] L: [+0.498, -0.175, +0.000, +0.000, +0.229, +0.227, +0.023, +0.091, +0.159, +0.244, +0.431, +0.544] R: [+0.249, -0.175, +0.021, +0.000, +0.134, +0.191, +0.070, +0.106, +0.033, +0.085, +0.201, +0.248]
[tick  24] L: [+0.498, -0.175, +0.000, +0.000, +0.229, +0.227, +0.023, +0.091, +0.159, +0.244, +0.431, +0.544] R: [+0.249, -0.175, +0.021, +0.000, +0.134, +0.191, +0.070, +0.106, +0.033, +0.085, +0.201, +0.248]
[tick  25] L: [+0.498, -0.175, +0.000, +0.000, +0.229, +0.227, +0.023, +0.091, +0.159, +0.244, +0.431, +0.544] R: [+0.249, -0.175, +0.021, +0.000, +0.134, +0.191, +0.070, +0.106, +0.033, +0.085, +0.201, +0.248]
[tick  26] L: [+0.498, -0.175, +0.000, +0.000, +0.229, +0.227, +0.023, +0.091, +0.159, +0.244, +0.431, +0.544] R: [+0.249, -0.175, +0.021, +0.000, +0.134, +0.191, +0.070, +0.106, +0.033, +0.085, +0.201, +0.248]
[tick  27] L: [+0.498, -0.175, +0.000, +0.000, +0.229, +0.227, +0.023, +0.091, +0.159, +0.244, +0.431, +0.544] R: [+0.249, -0.175, +0.021, +0.000, +0.134, +0.191, +0.070, +0.106, +0.033, +0.085, +0.201, +0.248]
[tick  28] L: [+0.498, -0.175, +0.000, +0.000, +0.229, +0.227, +0.023, +0.091, +0.159, +0.244, +0.431, +0.544] R: [+0.249, -0.175, +0.021, +0.000, +0.134, +0.191, +0.070, +0.106, +0.033, +0.085, +0.201, +0.248]
[tick  29] L: [+0.498, -0.175, +0.000, +0.000, +0.229, +0.227, +0.023, +0.091, +0.159, +0.244, +0.431, +0.544] R: [+0.249, -0.175, +0.021, +0.000, +0.134, +0.191, +0.070, +0.106, +0.033, +0.085, +0.201, +0.248]
[tick  30] L: [+0.498, -0.175, +0.000, +0.000, +0.229, +0.227, +0.023, +0.091, +0.159, +0.244, +0.431, +0.544] R: [+0.249, -0.175, +0.021, +0.000, +0.134, +0.191, +0.070, +0.106, +0.033, +0.085, +0.201, +0.248]
[tick  31] L: [+0.498, -0.175, +0.000, +0.000, +0.229, +0.227, +0.023, +0.091, +0.159, +0.244, +0.431, +0.544] R: [+0.249, -0.175, +0.021, +0.000, +0.134, +0.191, +0.070, +0.106, +0.033, +0.085, +0.201, +0.248]
[tick  32] L: [+0.498, -0.175, +0.000, +0.000, +0.229, +0.227, +0.023, +0.091, +0.159, +0.244, +0.431, +0.544] R: [+0.249, -0.175, +0.021, +0.000, +0.134, +0.191, +0.070, +0.106, +0.033, +0.085, +0.201, +0.248]
[tick  33] L: [+0.498, -0.175, +0.000, +0.000, +0.229, +0.227, +0.023, +0.091, +0.159, +0.244, +0.431, +0.544] R: [+0.249, -0.175, +0.021, +0.000, +0.134, +0.191, +0.070, +0.106, +0.033, +0.085, +0.201, +0.248]
[tick  34] L: [+0.498, -0.175, +0.000, +0.000, +0.229, +0.227, +0.023, +0.091, +0.159, +0.244, +0.431, +0.544] R: [+0.249, -0.175, +0.021, +0.000, +0.134, +0.191, +0.070, +0.106, +0.033, +0.085, +0.201, +0.248]
[tick  35] L: [+0.498, -0.175, +0.000, +0.000, +0.229, +0.227, +0.023, +0.091, +0.159, +0.244, +0.431, +0.544] R: [+0.249, -0.175, +0.021, +0.000, +0.134, +0.191, +0.070, +0.106, +0.033, +0.085, +0.201, +0.248]
[tick  36] L: [+0.498, -0.175, +0.000, +0.000, +0.229, +0.227, +0.023, +0.091, +0.159, +0.244, +0.431, +0.544] R: [+0.249, -0.175, +0.021, +0.000, +0.134, +0.191, +0.070, +0.106, +0.033, +0.085, +0.201, +0.248]
[tick  37] L: [+0.498, -0.175, +0.000, +0.000, +0.229, +0.227, +0.023, +0.091, +0.159, +0.244, +0.431, +0.544] R: [+0.249, -0.175, +0.021, +0.000, +0.134, +0.191, +0.070, +0.106, +0.033, +0.085, +0.201, +0.248]
[tick  38] L: [+0.498, -0.175, +0.000, +0.000, +0.229, +0.227, +0.023, +0.091, +0.159, +0.244, +0.431, +0.544] R: [+0.249, -0.175, +0.021, +0.000, +0.134, +0.191, +0.070, +0.106, +0.033, +0.085, +0.201, +0.248]
[tick  39] L: [+0.498, -0.175, +0.000, +0.000, +0.229, +0.227, +0.023, +0.091, +0.159, +0.244, +0.431, +0.544] R: [+0.249, -0.175, +0.021, +0.000, +0.134, +0.191, +0.070, +0.106, +0.033, +0.085, +0.201, +0.248]
[tick  40] L: [+0.498, -0.175, +0.000, +0.000, +0.229, +0.227, +0.023, +0.091, +0.159, +0.244, +0.431, +0.544] R: [+0.249, -0.175, +0.021, +0.000, +0.134, +0.191, +0.070, +0.106, +0.033, +0.085, +0.201, +0.248]
[tick  41] L: [+0.498, -0.175, +0.000, +0.000, +0.229, +0.227, +0.023, +0.091, +0.159, +0.244, +0.431, +0.544] R: [+0.249, -0.175, +0.021, +0.000, +0.134, +0.191, +0.070, +0.106, +0.033, +0.085, +0.201, +0.248]
[tick  42] L: [+0.498, -0.175, +0.000, +0.000, +0.229, +0.227, +0.023, +0.091, +0.159, +0.244, +0.431, +0.544] R: [+0.249, -0.175, +0.021, +0.000, +0.134, +0.191, +0.070, +0.106, +0.033, +0.085, +0.201, +0.248]
[tick  43] L: [+0.498, -0.175, +0.000, +0.000, +0.229, +0.227, +0.023, +0.091, +0.159, +0.244, +0.431, +0.544] R: [+0.249, -0.175, +0.021, +0.000, +0.134, +0.191, +0.070, +0.106, +0.033, +0.085, +0.201, +0.248]
[tick  44] L: [+0.498, -0.175, +0.000, +0.000, +0.229, +0.227, +0.023, +0.091, +0.159, +0.244, +0.431, +0.544] R: [+0.249, -0.175, +0.021, +0.000, +0.134, +0.191, +0.070, +0.106, +0.033, +0.085, +0.201, +0.248]
[tick  45] L: [+0.498, -0.175, +0.000, +0.000, +0.229, +0.227, +0.023, +0.091, +0.159, +0.244, +0.431, +0.544] R: [+0.249, -0.175, +0.021, +0.000, +0.134, +0.191, +0.070, +0.106, +0.033, +0.085, +0.201, +0.248]
[tick  46] L: [+0.498, -0.175, +0.000, +0.000, +0.229, +0.227, +0.023, +0.091, +0.159, +0.244, +0.431, +0.544] R: [+0.249, -0.175, +0.021, +0.000, +0.134, +0.191, +0.070, +0.106, +0.033, +0.085, +0.201, +0.248]
[tick  47] L: [+0.498, -0.175, +0.000, +0.000, +0.229, +0.227, +0.023, +0.091, +0.159, +0.244, +0.431, +0.544] R: [+0.249, -0.175, +0.021, +0.000, +0.134, +0.191, +0.070, +0.106, +0.033, +0.085, +0.201, +0.248]
[tick  48] L: [+0.498, -0.175, +0.000, +0.000, +0.229, +0.227, +0.023, +0.091, +0.159, +0.244, +0.431, +0.544] R: [+0.249, -0.175, +0.021, +0.000, +0.134, +0.191, +0.070, +0.106, +0.033, +0.085, +0.201, +0.248]
[tick  49] L: [+0.498, -0.175, +0.000, +0.000, +0.229, +0.227, +0.023, +0.091, +0.159, +0.244, +0.431, +0.544] R: [+0.249, -0.175, +0.021, +0.000, +0.134, +0.191, +0.070, +0.106, +0.033, +0.085, +0.201, +0.248]
[tick  50] L: [+0.498, -0.175, +0.000, +0.000, +0.229, +0.227, +0.023, +0.091, +0.159, +0.244, +0.431, +0.544] R: [+0.249, -0.175, +0.021, +0.000, +0.134, +0.191, +0.070, +0.106, +0.033, +0.085, +0.201, +0.248]
[tick  51] L: [+0.498, -0.175, +0.000, +0.000, +0.229, +0.227, +0.023, +0.091, +0.159, +0.244, +0.431, +0.544] R: [+0.249, -0.175, +0.021, +0.000, +0.134, +0.191, +0.070, +0.106, +0.033, +0.085, +0.201, +0.248]
[tick  52] L: [+0.498, -0.175, +0.000, +0.000, +0.229, +0.227, +0.023, +0.091, +0.159, +0.244, +0.431, +0.544] R: [+0.249, -0.175, +0.021, +0.000, +0.134, +0.191, +0.070, +0.106, +0.033, +0.085, +0.201, +0.248]
[tick  53] L: [+0.498, -0.175, +0.000, +0.000, +0.229, +0.227, +0.023, +0.091, +0.159, +0.244, +0.431, +0.544] R: [+0.249, -0.175, +0.021, +0.000, +0.134, +0.191, +0.070, +0.106, +0.033, +0.085, +0.201, +0.248]
[tick  54] L: [+0.498, -0.175, +0.000, +0.000, +0.229, +0.227, +0.023, +0.091, +0.159, +0.244, +0.431, +0.544] R: [+0.249, -0.175, +0.021, +0.000, +0.134, +0.191, +0.070, +0.106, +0.033, +0.085, +0.201, +0.248]
[tick  55] L: [+0.498, -0.175, +0.000, +0.000, +0.229, +0.227, +0.023, +0.091, +0.159, +0.244, +0.431, +0.544] R: [+0.249, -0.175, +0.021, +0.000, +0.134, +0.191, +0.070, +0.106, +0.033, +0.085, +0.201, +0.248]
[tick  56] L: [+0.498, -0.175, +0.000, +0.000, +0.229, +0.227, +0.023, +0.091, +0.159, +0.244, +0.431, +0.544] R: [+0.249, -0.175, +0.021, +0.000, +0.134, +0.191, +0.070, +0.106, +0.033, +0.085, +0.201, +0.248]
[tick  57] L: [+0.498, -0.175, +0.000, +0.000, +0.229, +0.227, +0.023, +0.091, +0.159, +0.244, +0.431, +0.544] R: [+0.249, -0.175, +0.021, +0.000, +0.134, +0.191, +0.070, +0.106, +0.033, +0.085, +0.201, +0.248]
[tick  58] L: [+0.498, -0.175, +0.000, +0.000, +0.229, +0.227, +0.023, +0.091, +0.159, +0.244, +0.431, +0.544] R: [+0.249, -0.175, +0.021, +0.000, +0.134, +0.191, +0.070, +0.106, +0.033, +0.085, +0.201, +0.248]
[tick  59] L: [+0.498, -0.175, +0.000, +0.000, +0.229, +0.227, +0.023, +0.091, +0.159, +0.244, +0.431, +0.544] R: [+0.249, -0.175, +0.021, +0.000, +0.134, +0.191, +0.070, +0.106, +0.033, +0.085, +0.201, +0.248]
[tick  60] L: [+0.498, -0.175, +0.000, +0.000, +0.229, +0.227, +0.023, +0.091, +0.159, +0.244, +0.431, +0.544] R: [+0.249, -0.175, +0.021, +0.000, +0.134, +0.191, +0.070, +0.106, +0.033, +0.085, +0.201, +0.248]
[tick  61] L: [+0.498, -0.175, +0.000, +0.000, +0.229, +0.227, +0.023, +0.091, +0.159, +0.244, +0.431, +0.544] R: [+0.249, -0.175, +0.021, +0.000, +0.134, +0.191, +0.070, +0.106, +0.033, +0.085, +0.201, +0.248]
[tick  62] L: [+0.498, -0.175, +0.000, +0.000, +0.229, +0.227, +0.023, +0.091, +0.159, +0.244, +0.431, +0.544] R: [+0.249, -0.175, +0.021, +0.000, +0.134, +0.191, +0.070, +0.106, +0.033, +0.085, +0.201, +0.248]
[tick  63] L: [+0.498, -0.175, +0.000, +0.000, +0.229, +0.227, +0.023, +0.091, +0.159, +0.244, +0.431, +0.544] R: [+0.249, -0.175, +0.021, +0.000, +0.134, +0.191, +0.070, +0.106, +0.033, +0.085, +0.201, +0.248]
[tick  64] L: [+0.498, -0.175, +0.000, +0.000, +0.229, +0.227, +0.023, +0.091, +0.159, +0.244, +0.431, +0.544] R: [+0.249, -0.175, +0.021, +0.000, +0.134, +0.191, +0.070, +0.106, +0.033, +0.085, +0.201, +0.248]
[tick  65] L: [+0.498, -0.175, +0.000, +0.000, +0.229, +0.227, +0.023, +0.091, +0.159, +0.244, +0.431, +0.544] R: [+0.249, -0.175, +0.021, +0.000, +0.134, +0.191, +0.070, +0.106, +0.033, +0.085, +0.201, +0.248]
[tick  66] L: [+0.498, -0.175, +0.000, +0.000, +0.229, +0.227, +0.023, +0.091, +0.159, +0.244, +0.431, +0.544] R: [+0.249, -0.175, +0.021, +0.000, +0.134, +0.191, +0.070, +0.106, +0.033, +0.085, +0.201, +0.248]
[tick  67] L: [+0.498, -0.175, +0.000, +0.000, +0.229, +0.227, +0.023, +0.091, +0.159, +0.244, +0.431, +0.544] R: [+0.249, -0.175, +0.021, +0.000, +0.134, +0.191, +0.070, +0.106, +0.033, +0.085, +0.201, +0.248]
[tick  68] L: [+0.498, -0.175, +0.000, +0.000, +0.229, +0.227, +0.023, +0.091, +0.159, +0.244, +0.431, +0.544] R: [+0.249, -0.175, +0.021, +0.000, +0.134, +0.191, +0.070, +0.106, +0.033, +0.085, +0.201, +0.248]
[tick  69] L: [+0.498, -0.175, +0.000, +0.000, +0.229, +0.227, +0.023, +0.091, +0.159, +0.244, +0.431, +0.544] R: [+0.249, -0.175, +0.021, +0.000, +0.134, +0.191, +0.070, +0.106, +0.033, +0.085, +0.201, +0.248]
[tick  70] L: [+0.498, -0.175, +0.000, +0.000, +0.229, +0.227, +0.023, +0.091, +0.159, +0.244, +0.431, +0.544] R: [+0.249, -0.175, +0.021, +0.000, +0.134, +0.191, +0.070, +0.106, +0.033, +0.085, +0.201, +0.248]
[tick  71] L: [+0.498, -0.175, +0.000, +0.000, +0.229, +0.227, +0.023, +0.091, +0.159, +0.244, +0.431, +0.544] R: [+0.249, -0.175, +0.021, +0.000, +0.134, +0.191, +0.070, +0.106, +0.033, +0.085, +0.201, +0.248]
[tick  72] L: [+0.498, -0.175, +0.000, +0.000, +0.229, +0.227, +0.023, +0.091, +0.159, +0.244, +0.431, +0.544] R: [+0.249, -0.175, +0.021, +0.000, +0.134, +0.191, +0.070, +0.106, +0.033, +0.085, +0.201, +0.248]
[tick  73] L: [+0.498, -0.175, +0.000, +0.000, +0.229, +0.227, +0.023, +0.091, +0.159, +0.244, +0.431, +0.544] R: [+0.249, -0.175, +0.021, +0.000, +0.134, +0.191, +0.070, +0.106, +0.033, +0.085, +0.201, +0.248]
[tick  74] L: [+0.498, -0.175, +0.000, +0.000, +0.229, +0.227, +0.023, +0.091, +0.159, +0.244, +0.431, +0.544] R: [+0.249, -0.175, +0.021, +0.000, +0.134, +0.191, +0.070, +0.106, +0.033, +0.085, +0.201, +0.248]
[tick  75] L: [+0.498, -0.175, +0.000, +0.000, +0.229, +0.227, +0.023, +0.091, +0.159, +0.244, +0.431, +0.544] R: [+0.249, -0.175, +0.021, +0.000, +0.134, +0.191, +0.070, +0.106, +0.033, +0.085, +0.201, +0.248]
[tick  76] L: [+0.498, -0.175, +0.000, +0.000, +0.229, +0.227, +0.023, +0.091, +0.159, +0.244, +0.431, +0.544] R: [+0.249, -0.175, +0.021, +0.000, +0.134, +0.191, +0.070, +0.106, +0.033, +0.085, +0.201, +0.248]
[tick  77] L: [+0.498, -0.175, +0.000, +0.000, +0.229, +0.227, +0.023, +0.091, +0.159, +0.244, +0.431, +0.544] R: [+0.249, -0.175, +0.021, +0.000, +0.134, +0.191, +0.070, +0.106, +0.033, +0.085, +0.201, +0.248]
[tick  78] L: [+0.498, -0.175, +0.000, +0.000, +0.229, +0.227, +0.023, +0.091, +0.159, +0.244, +0.431, +0.544] R: [+0.249, -0.175, +0.021, +0.000, +0.134, +0.191, +0.070, +0.106, +0.033, +0.085, +0.201, +0.248]
[tick  79] L: [+0.498, -0.175, +0.000, +0.000, +0.229, +0.227, +0.023, +0.091, +0.159, +0.244, +0.431, +0.544] R: [+0.249, -0.175, +0.021, +0.000, +0.134, +0.191, +0.070, +0.106, +0.033, +0.085, +0.201, +0.248]
[tick  80] L: [+0.498, -0.175, +0.000, +0.000, +0.229, +0.227, +0.023, +0.091, +0.159, +0.244, +0.431, +0.544] R: [+0.249, -0.175, +0.021, +0.000, +0.134, +0.191, +0.070, +0.106, +0.033, +0.085, +0.201, +0.248]
[tick  81] L: [+0.498, -0.175, +0.000, +0.000, +0.229, +0.227, +0.023, +0.091, +0.159, +0.244, +0.431, +0.544] R: [+0.249, -0.175, +0.021, +0.000, +0.134, +0.191, +0.070, +0.106, +0.033, +0.085, +0.201, +0.248]
[tick  82] L: [+0.498, -0.175, +0.000, +0.000, +0.229, +0.227, +0.023, +0.091, +0.159, +0.244, +0.431, +0.544] R: [+0.249, -0.175, +0.021, +0.000, +0.134, +0.191, +0.070, +0.106, +0.033, +0.085, +0.201, +0.248]
[tick  83] L: [+0.498, -0.175, +0.000, +0.000, +0.229, +0.227, +0.023, +0.091, +0.159, +0.244, +0.431, +0.544] R: [+0.249, -0.175, +0.021, +0.000, +0.134, +0.191, +0.070, +0.106, +0.033, +0.085, +0.201, +0.248]
[tick  84] L: [+0.498, -0.175, +0.000, +0.000, +0.229, +0.227, +0.023, +0.091, +0.159, +0.244, +0.431, +0.544] R: [+0.249, -0.175, +0.021, +0.000, +0.134, +0.191, +0.070, +0.106, +0.033, +0.085, +0.201, +0.248]
[tick  85] L: [+0.498, -0.175, +0.000, +0.000, +0.229, +0.227, +0.023, +0.091, +0.159, +0.244, +0.431, +0.544] R: [+0.249, -0.175, +0.021, +0.000, +0.134, +0.191, +0.070, +0.106, +0.033, +0.085, +0.201, +0.248]
[tick  86] L: [+0.498, -0.175, +0.000, +0.000, +0.229, +0.227, +0.023, +0.091, +0.159, +0.244, +0.431, +0.544] R: [+0.249, -0.175, +0.021, +0.000, +0.134, +0.191, +0.070, +0.106, +0.033, +0.085, +0.201, +0.248]
[tick  87] L: [+0.498, -0.175, +0.000, +0.000, +0.229, +0.227, +0.023, +0.091, +0.159, +0.244, +0.431, +0.544] R: [+0.249, -0.175, +0.021, +0.000, +0.134, +0.191, +0.070, +0.106, +0.033, +0.085, +0.201, +0.248]
[tick  88] L: [+0.498, -0.175, +0.000, +0.000, +0.229, +0.227, +0.023, +0.091, +0.159, +0.244, +0.431, +0.544] R: [+0.249, -0.175, +0.021, +0.000, +0.134, +0.191, +0.070, +0.106, +0.033, +0.085, +0.201, +0.248]
[tick  89] L: [+0.498, -0.175, +0.000, +0.000, +0.229, +0.227, +0.023, +0.091, +0.159, +0.244, +0.431, +0.544] R: [+0.249, -0.175, +0.021, +0.000, +0.134, +0.191, +0.070, +0.106, +0.033, +0.085, +0.201, +0.248]
[tick  90] L: [+0.498, -0.175, +0.000, +0.000, +0.229, +0.227, +0.023, +0.091, +0.159, +0.244, +0.431, +0.544] R: [+0.249, -0.175, +0.021, +0.000, +0.134, +0.191, +0.070, +0.106, +0.033, +0.085, +0.201, +0.248]
[tick  91] L: [+0.498, -0.175, +0.000, +0.000, +0.229, +0.227, +0.023, +0.091, +0.159, +0.244, +0.431, +0.544] R: [+0.249, -0.175, +0.021, +0.000, +0.134, +0.191, +0.070, +0.106, +0.033, +0.085, +0.201, +0.248]
[tick  92] L: [+0.498, -0.175, +0.000, +0.000, +0.229, +0.227, +0.023, +0.091, +0.159, +0.244, +0.431, +0.544] R: [+0.249, -0.175, +0.021, +0.000, +0.134, +0.191, +0.070, +0.106, +0.033, +0.085, +0.201, +0.248]
[tick  93] L: [+0.498, -0.175, +0.000, +0.000, +0.229, +0.227, +0.023, +0.091, +0.159, +0.244, +0.431, +0.544] R: [+0.249, -0.175, +0.021, +0.000, +0.134, +0.191, +0.070, +0.106, +0.033, +0.085, +0.201, +0.248]
[tick  94] L: [+0.498, -0.175, +0.000, +0.000, +0.229, +0.227, +0.023, +0.091, +0.159, +0.244, +0.431, +0.544] R: [+0.249, -0.175, +0.021, +0.000, +0.134, +0.191, +0.070, +0.106, +0.033, +0.085, +0.201, +0.248]
[tick  95] L: [+0.498, -0.175, +0.000, +0.000, +0.229, +0.227, +0.023, +0.091, +0.159, +0.244, +0.431, +0.544] R: [+0.249, -0.175, +0.021, +0.000, +0.134, +0.191, +0.070, +0.106, +0.033, +0.085, +0.201, +0.248]
[tick  96] L: [+0.498, -0.175, +0.000, +0.000, +0.229, +0.227, +0.023, +0.091, +0.159, +0.244, +0.431, +0.544] R: [+0.249, -0.175, +0.021, +0.000, +0.134, +0.191, +0.070, +0.106, +0.033, +0.085, +0.201, +0.248]
[tick  97] L: [+0.498, -0.175, +0.000, +0.000, +0.229, +0.227, +0.023, +0.091, +0.159, +0.244, +0.431, +0.544] R: [+0.249, -0.175, +0.021, +0.000, +0.134, +0.191, +0.070, +0.106, +0.033, +0.085, +0.201, +0.248]
[tick  98] L: [+0.498, -0.175, +0.000, +0.000, +0.229, +0.227, +0.023, +0.091, +0.159, +0.244, +0.431, +0.544] R: [+0.249, -0.175, +0.021, +0.000, +0.134, +0.191, +0.070, +0.106, +0.033, +0.085, +0.201, +0.248]
[tick  99] L: [+0.498, -0.175, +0.000, +0.000, +0.229, +0.227, +0.023, +0.091, +0.159, +0.244, +0.431, +0.544] R: [+0.249, -0.175, +0.021, +0.000, +0.134, +0.191, +0.070, +0.106, +0.033, +0.085, +0.201, +0.248]
[tick 100] L: [+0.498, -0.175, +0.000, +0.000, +0.229, +0.227, +0.023, +0.091, +0.159, +0.244, +0.431, +0.544] R: [+0.249, -0.175, +0.021, +0.000, +0.134, +0.191, +0.070, +0.106, +0.033, +0.085, +0.201, +0.248]
[tick 101] L: [+0.498, -0.175, +0.000, +0.000, +0.229, +0.227, +0.023, +0.091, +0.159, +0.244, +0.431, +0.544] R: [+0.249, -0.175, +0.021, +0.000, +0.134, +0.191, +0.070, +0.106, +0.033, +0.085, +0.201, +0.248]
[tick 102] L: [+0.498, -0.175, +0.000, +0.000, +0.229, +0.227, +0.023, +0.091, +0.159, +0.244, +0.431, +0.544] R: [+0.249, -0.175, +0.021, +0.000, +0.134, +0.191, +0.070, +0.106, +0.033, +0.085, +0.201, +0.248]
[tick 103] L: [+0.498, -0.175, +0.000, +0.000, +0.229, +0.227, +0.023, +0.091, +0.159, +0.244, +0.431, +0.544] R: [+0.249, -0.175, +0.021, +0.000, +0.134, +0.191, +0.070, +0.106, +0.033, +0.085, +0.201, +0.248]
[tick 104] L: [+0.498, -0.175, +0.000, +0.000, +0.229, +0.227, +0.023, +0.091, +0.159, +0.244, +0.431, +0.544] R: [+0.249, -0.175, +0.021, +0.000, +0.134, +0.191, +0.070, +0.106, +0.033, +0.085, +0.201, +0.248]
[tick 105] L: [+0.498, -0.175, +0.000, +0.000, +0.229, +0.227, +0.023, +0.091, +0.159, +0.244, +0.431, +0.544] R: [+0.249, -0.175, +0.021, +0.000, +0.134, +0.191, +0.070, +0.106, +0.033, +0.085, +0.201, +0.248]
[tick 106] L: [+0.498, -0.175, +0.000, +0.000, +0.229, +0.227, +0.023, +0.091, +0.159, +0.244, +0.431, +0.544] R: [+0.249, -0.175, +0.021, +0.000, +0.134, +0.191, +0.070, +0.106, +0.033, +0.085, +0.201, +0.248]
[tick 107] L: [+0.498, -0.175, +0.000, +0.000, +0.229, +0.227, +0.023, +0.091, +0.159, +0.244, +0.431, +0.544] R: [+0.249, -0.175, +0.021, +0.000, +0.134, +0.191, +0.070, +0.106, +0.033, +0.085, +0.201, +0.248]
[tick 108] L: [+0.498, -0.175, +0.000, +0.000, +0.229, +0.227, +0.023, +0.091, +0.159, +0.244, +0.431, +0.544] R: [+0.249, -0.175, +0.021, +0.000, +0.134, +0.191, +0.070, +0.106, +0.033, +0.085, +0.201, +0.248]
[tick 109] L: [+0.498, -0.175, +0.000, +0.000, +0.229, +0.227, +0.023, +0.091, +0.159, +0.244, +0.431, +0.544] R: [+0.249, -0.175, +0.021, +0.000, +0.134, +0.191, +0.070, +0.106, +0.033, +0.085, +0.201, +0.248]
[tick 110] L: [+0.498, -0.175, +0.000, +0.000, +0.229, +0.227, +0.023, +0.091, +0.159, +0.244, +0.431, +0.544] R: [+0.249, -0.175, +0.021, +0.000, +0.134, +0.191, +0.070, +0.106, +0.033, +0.085, +0.201, +0.248]
[tick 111] L: [+0.498, -0.175, +0.000, +0.000, +0.229, +0.227, +0.023, +0.091, +0.159, +0.244, +0.431, +0.544] R: [+0.249, -0.175, +0.021, +0.000, +0.134, +0.191, +0.070, +0.106, +0.033, +0.085, +0.201, +0.248]
[tick 112] L: [+0.498, -0.175, +0.000, +0.000, +0.229, +0.227, +0.023, +0.091, +0.159, +0.244, +0.431, +0.544] R: [+0.249, -0.175, +0.021, +0.000, +0.134, +0.191, +0.070, +0.106, +0.033, +0.085, +0.201, +0.248]
[tick 113] L: [+0.498, -0.175, +0.000, +0.000, +0.229, +0.227, +0.023, +0.091, +0.159, +0.244, +0.431, +0.544] R: [+0.249, -0.175, +0.021, +0.000, +0.134, +0.191, +0.070, +0.106, +0.033, +0.085, +0.201, +0.248]
[tick 114] L: [+0.498, -0.175, +0.000, +0.000, +0.229, +0.227, +0.023, +0.091, +0.159, +0.244, +0.431, +0.544] R: [+0.249, -0.175, +0.021, +0.000, +0.134, +0.191, +0.070, +0.106, +0.033, +0.085, +0.201, +0.248]
[tick 115] L: [+0.498, -0.175, +0.000, +0.000, +0.229, +0.227, +0.023, +0.091, +0.159, +0.244, +0.431, +0.544] R: [+0.249, -0.175, +0.021, +0.000, +0.134, +0.191, +0.070, +0.106, +0.033, +0.085, +0.201, +0.248]
[tick 116] L: [+0.498, -0.175, +0.000, +0.000, +0.229, +0.227, +0.023, +0.091, +0.159, +0.244, +0.431, +0.544] R: [+0.249, -0.175, +0.021, +0.000, +0.134, +0.191, +0.070, +0.106, +0.033, +0.085, +0.201, +0.248]
[tick 117] L: [+0.498, -0.175, +0.000, +0.000, +0.229, +0.227, +0.023, +0.091, +0.159, +0.244, +0.431, +0.544] R: [+0.249, -0.175, +0.021, +0.000, +0.134, +0.191, +0.070, +0.106, +0.033, +0.085, +0.201, +0.248]
[tick 118] L: [+0.498, -0.175, +0.000, +0.000, +0.229, +0.227, +0.023, +0.091, +0.159, +0.244, +0.431, +0.544] R: [+0.249, -0.175, +0.021, +0.000, +0.134, +0.191, +0.070, +0.106, +0.033, +0.085, +0.201, +0.248]
[tick 119] L: [+0.498, -0.175, +0.000, +0.000, +0.229, +0.227, +0.023, +0.091, +0.159, +0.244, +0.431, +0.544] R: [+0.249, -0.175, +0.021, +0.000, +0.134, +0.191, +0.070, +0.106, +0.033, +0.085, +0.201, +0.248]
[tick 120] L: [+0.498, -0.175, +0.000, +0.000, +0.229, +0.227, +0.023, +0.091, +0.159, +0.244, +0.431, +0.544] R: [+0.249, -0.175, +0.021, +0.000, +0.134, +0.191, +0.070, +0.106, +0.033, +0.085, +0.201, +0.248]
[tick 121] L: [+0.498, -0.175, +0.000, +0.000, +0.229, +0.227, +0.023, +0.091, +0.159, +0.244, +0.431, +0.544] R: [+0.249, -0.175, +0.021, +0.000, +0.134, +0.191, +0.070, +0.106, +0.033, +0.085, +0.201, +0.248]
[tick 122] L: [+0.498, -0.175, +0.000, +0.000, +0.229, +0.227, +0.023, +0.091, +0.159, +0.244, +0.431, +0.544] R: [+0.249, -0.175, +0.021, +0.000, +0.134, +0.191, +0.070, +0.106, +0.033, +0.085, +0.201, +0.248]
[tick 123] L: [+0.498, -0.175, +0.000, +0.000, +0.229, +0.227, +0.023, +0.091, +0.159, +0.244, +0.431, +0.544] R: [+0.249, -0.175, +0.021, +0.000, +0.134, +0.191, +0.070, +0.106, +0.033, +0.085, +0.201, +0.248]
[tick 124] L: [+0.498, -0.175, +0.000, +0.000, +0.229, +0.227, +0.023, +0.091, +0.159, +0.244, +0.431, +0.544] R: [+0.249, -0.175, +0.021, +0.000, +0.134, +0.191, +0.070, +0.106, +0.033, +0.085, +0.201, +0.248]
[tick 125] L: [+0.498, -0.175, +0.000, +0.000, +0.229, +0.227, +0.023, +0.091, +0.159, +0.244, +0.431, +0.544] R: [+0.249, -0.175, +0.021, +0.000, +0.134, +0.191, +0.070, +0.106, +0.033, +0.085, +0.201, +0.248]
[tick 126] L: [+0.498, -0.175, +0.000, +0.000, +0.229, +0.227, +0.023, +0.091, +0.159, +0.244, +0.431, +0.544] R: [+0.249, -0.175, +0.021, +0.000, +0.134, +0.191, +0.070, +0.106, +0.033, +0.085, +0.201, +0.248]
[tick 127] L: [+0.498, -0.175, +0.000, +0.000, +0.229, +0.227, +0.023, +0.091, +0.159, +0.244, +0.431, +0.544] R: [+0.249, -0.175, +0.021, +0.000, +0.134, +0.191, +0.070, +0.106, +0.033, +0.085, +0.201, +0.248]
[tick 128] L: [+0.498, -0.175, +0.000, +0.000, +0.229, +0.227, +0.023, +0.091, +0.159, +0.244, +0.431, +0.544] R: [+0.249, -0.175, +0.021, +0.000, +0.134, +0.191, +0.070, +0.106, +0.033, +0.085, +0.201, +0.248]
[tick 129] L: [+0.498, -0.175, +0.000, +0.000, +0.229, +0.227, +0.023, +0.091, +0.159, +0.244, +0.431, +0.544] R: [+0.249, -0.175, +0.021, +0.000, +0.134, +0.191, +0.070, +0.106, +0.033, +0.085, +0.201, +0.248]
[tick 130] L: [+0.498, -0.175, +0.000, +0.000, +0.229, +0.227, +0.023, +0.091, +0.159, +0.244, +0.431, +0.544] R: [+0.249, -0.175, +0.021, +0.000, +0.134, +0.191, +0.070, +0.106, +0.033, +0.085, +0.201, +0.248]
[tick 131] L: [+0.498, -0.175, +0.000, +0.000, +0.229, +0.227, +0.023, +0.091, +0.159, +0.244, +0.431, +0.544] R: [+0.249, -0.175, +0.021, +0.000, +0.134, +0.191, +0.070, +0.106, +0.033, +0.085, +0.201, +0.248]
[tick 132] L: [+0.498, -0.175, +0.000, +0.000, +0.229, +0.227, +0.023, +0.091, +0.159, +0.244, +0.431, +0.544] R: [+0.249, -0.175, +0.021, +0.000, +0.134, +0.191, +0.070, +0.106, +0.033, +0.085, +0.201, +0.248]
[tick 133] L: [+0.498, -0.175, +0.000, +0.000, +0.229, +0.227, +0.023, +0.091, +0.159, +0.244, +0.431, +0.544] R: [+0.249, -0.175, +0.021, +0.000, +0.134, +0.191, +0.070, +0.106, +0.033, +0.085, +0.201, +0.248]
[tick 134] L: [+0.498, -0.175, +0.000, +0.000, +0.229, +0.227, +0.023, +0.091, +0.159, +0.244, +0.431, +0.544] R: [+0.249, -0.175, +0.021, +0.000, +0.134, +0.191, +0.070, +0.106, +0.033, +0.085, +0.201, +0.248]
[tick 135] L: [+0.498, -0.175, +0.000, +0.000, +0.229, +0.227, +0.023, +0.091, +0.159, +0.244, +0.431, +0.544] R: [+0.249, -0.175, +0.021, +0.000, +0.134, +0.191, +0.070, +0.106, +0.033, +0.085, +0.201, +0.248]
[tick 136] L: [+0.498, -0.175, +0.000, +0.000, +0.229, +0.227, +0.023, +0.091, +0.159, +0.244, +0.431, +0.544] R: [+0.249, -0.175, +0.021, +0.000, +0.134, +0.191, +0.070, +0.106, +0.033, +0.085, +0.201, +0.248]
[tick 137] L: [+0.498, -0.175, +0.000, +0.000, +0.229, +0.227, +0.023, +0.091, +0.159, +0.244, +0.431, +0.544] R: [+0.249, -0.175, +0.021, +0.000, +0.134, +0.191, +0.070, +0.106, +0.033, +0.085, +0.201, +0.248]
[tick 138] L: [+0.498, -0.175, +0.000, +0.000, +0.229, +0.227, +0.023, +0.091, +0.159, +0.244, +0.431, +0.544] R: [+0.249, -0.175, +0.021, +0.000, +0.134, +0.191, +0.070, +0.106, +0.033, +0.085, +0.201, +0.248]
[tick 139] L: [+0.498, -0.175, +0.000, +0.000, +0.229, +0.227, +0.023, +0.091, +0.159, +0.244, +0.431, +0.544] R: [+0.249, -0.175, +0.021, +0.000, +0.134, +0.191, +0.070, +0.106, +0.033, +0.085, +0.201, +0.248]
[tick 140] L: [+0.498, -0.175, +0.000, +0.000, +0.229, +0.227, +0.023, +0.091, +0.159, +0.244, +0.431, +0.544] R: [+0.249, -0.175, +0.021, +0.000, +0.134, +0.191, +0.070, +0.106, +0.033, +0.085, +0.201, +0.248]
[tick 141] L: [+0.498, -0.175, +0.000, +0.000, +0.229, +0.227, +0.023, +0.091, +0.159, +0.244, +0.431, +0.544] R: [+0.249, -0.175, +0.021, +0.000, +0.134, +0.191, +0.070, +0.106, +0.033, +0.085, +0.201, +0.248]
[tick 142] L: [+0.498, -0.175, +0.000, +0.000, +0.229, +0.227, +0.023, +0.091, +0.159, +0.244, +0.431, +0.544] R: [+0.249, -0.175, +0.021, +0.000, +0.134, +0.191, +0.070, +0.106, +0.033, +0.085, +0.201, +0.248]
[tick 143] L: [+0.498, -0.175, +0.000, +0.000, +0.229, +0.227, +0.023, +0.091, +0.159, +0.244, +0.431, +0.544] R: [+0.249, -0.175, +0.021, +0.000, +0.134, +0.191, +0.070, +0.106, +0.033, +0.085, +0.201, +0.248]
[tick 144] L: [+0.498, -0.175, +0.000, +0.000, +0.229, +0.227, +0.023, +0.091, +0.159, +0.244, +0.431, +0.544] R: [+0.249, -0.175, +0.021, +0.000, +0.134, +0.191, +0.070, +0.106, +0.033, +0.085, +0.201, +0.248]
[tick 145] L: [+0.498, -0.175, +0.000, +0.000, +0.229, +0.227, +0.023, +0.091, +0.159, +0.244, +0.431, +0.544] R: [+0.249, -0.175, +0.021, +0.000, +0.134, +0.191, +0.070, +0.106, +0.033, +0.085, +0.201, +0.248]
[tick 146] L: [+0.498, -0.175, +0.000, +0.000, +0.229, +0.227, +0.023, +0.091, +0.159, +0.244, +0.431, +0.544] R: [+0.249, -0.175, +0.021, +0.000, +0.134, +0.191, +0.070, +0.106, +0.033, +0.085, +0.201, +0.248]
[tick 147] L: [+0.498, -0.175, +0.000, +0.000, +0.229, +0.227, +0.023, +0.091, +0.159, +0.244, +0.431, +0.544] R: [+0.249, -0.175, +0.021, +0.000, +0.134, +0.191, +0.070, +0.106, +0.033, +0.085, +0.201, +0.248]
[tick 148] L: [+0.498, -0.175, +0.000, +0.000, +0.229, +0.227, +0.023, +0.091, +0.159, +0.244, +0.431, +0.544] R: [+0.249, -0.175, +0.021, +0.000, +0.134, +0.191, +0.070, +0.106, +0.033, +0.085, +0.201, +0.248]
[tick 149] L: [+0.498, -0.175, +0.000, +0.000, +0.229, +0.227, +0.023, +0.091, +0.159, +0.244, +0.431, +0.544] R: [+0.249, -0.175, +0.021, +0.000, +0.134, +0.191, +0.070, +0.106, +0.033, +0.085, +0.201, +0.248]
[tick 150] L: [+0.498, -0.175, +0.000, +0.000, +0.229, +0.227, +0.023, +0.091, +0.159, +0.244, +0.431, +0.544] R: [+0.249, -0.175, +0.021, +0.000, +0.134, +0.191, +0.070, +0.106, +0.033, +0.085, +0.201, +0.248]
[tick 151] L: [+0.498, -0.175, +0.000, +0.000, +0.229, +0.227, +0.023, +0.091, +0.159, +0.244, +0.431, +0.544] R: [+0.249, -0.175, +0.021, +0.000, +0.134, +0.191, +0.070, +0.106, +0.033, +0.085, +0.201, +0.248]
[tick 152] L: [+0.498, -0.175, +0.000, +0.000, +0.229, +0.227, +0.023, +0.091, +0.159, +0.244, +0.431, +0.544] R: [+0.249, -0.175, +0.021, +0.000, +0.134, +0.191, +0.070, +0.106, +0.033, +0.085, +0.201, +0.248]
[tick 153] L: [+0.498, -0.175, +0.000, +0.000, +0.229, +0.227, +0.023, +0.091, +0.159, +0.244, +0.431, +0.544] R: [+0.249, -0.175, +0.021, +0.000, +0.134, +0.191, +0.070, +0.106, +0.033, +0.085, +0.201, +0.248]
[tick 154] L: [+0.498, -0.175, +0.000, +0.000, +0.229, +0.227, +0.023, +0.091, +0.159, +0.244, +0.431, +0.544] R: [+0.249, -0.175, +0.021, +0.000, +0.134, +0.191, +0.070, +0.106, +0.033, +0.085, +0.201, +0.248]
[tick 155] L: [+0.498, -0.175, +0.000, +0.000, +0.229, +0.227, +0.023, +0.091, +0.159, +0.244, +0.431, +0.544] R: [+0.249, -0.175, +0.021, +0.000, +0.134, +0.191, +0.070, +0.106, +0.033, +0.085, +0.201, +0.248]
[tick 156] L: [+0.498, -0.175, +0.000, +0.000, +0.229, +0.227, +0.023, +0.091, +0.159, +0.244, +0.431, +0.544] R: [+0.249, -0.175, +0.021, +0.000, +0.134, +0.191, +0.070, +0.106, +0.033, +0.085, +0.201, +0.248]
[tick 157] L: [+0.498, -0.175, +0.000, +0.000, +0.229, +0.227, +0.023, +0.091, +0.159, +0.244, +0.431, +0.544] R: [+0.249, -0.175, +0.021, +0.000, +0.134, +0.191, +0.070, +0.106, +0.033, +0.085, +0.201, +0.248]
[tick 158] L: [+0.498, -0.175, +0.000, +0.000, +0.229, +0.227, +0.023, +0.091, +0.159, +0.244, +0.431, +0.544] R: [+0.249, -0.175, +0.021, +0.000, +0.134, +0.191, +0.070, +0.106, +0.033, +0.085, +0.201, +0.248]
[tick 159] L: [+0.498, -0.175, +0.000, +0.000, +0.229, +0.227, +0.023, +0.091, +0.159, +0.244, +0.431, +0.544] R: [+0.249, -0.175, +0.021, +0.000, +0.134, +0.191, +0.070, +0.106, +0.033, +0.085, +0.201, +0.248]
[tick 160] L: [+0.498, -0.175, +0.000, +0.000, +0.229, +0.227, +0.023, +0.091, +0.159, +0.244, +0.431, +0.544] R: [+0.249, -0.175, +0.021, +0.000, +0.134, +0.191, +0.070, +0.106, +0.033, +0.085, +0.201, +0.248]
[tick 161] L: [+0.498, -0.175, +0.000, +0.000, +0.229, +0.227, +0.023, +0.091, +0.159, +0.244, +0.431, +0.544] R: [+0.249, -0.175, +0.021, +0.000, +0.134, +0.191, +0.070, +0.106, +0.033, +0.085, +0.201, +0.248]
[tick 162] L: [+0.498, -0.175, +0.000, +0.000, +0.229, +0.227, +0.023, +0.091, +0.159, +0.244, +0.431, +0.544] R: [+0.249, -0.175, +0.021, +0.000, +0.134, +0.191, +0.070, +0.106, +0.033, +0.085, +0.201, +0.248]
[tick 163] L: [+0.498, -0.175, +0.000, +0.000, +0.229, +0.227, +0.023, +0.091, +0.159, +0.244, +0.431, +0.544] R: [+0.249, -0.175, +0.021, +0.000, +0.134, +0.191, +0.070, +0.106, +0.033, +0.085, +0.201, +0.248]
[tick 164] L: [+0.498, -0.175, +0.000, +0.000, +0.229, +0.227, +0.023, +0.091, +0.159, +0.244, +0.431, +0.544] R: [+0.249, -0.175, +0.021, +0.000, +0.134, +0.191, +0.070, +0.106, +0.033, +0.085, +0.201, +0.248]
[tick 165] L: [+0.498, -0.175, +0.000, +0.000, +0.229, +0.227, +0.023, +0.091, +0.159, +0.244, +0.431, +0.544] R: [+0.249, -0.175, +0.021, +0.000, +0.134, +0.191, +0.070, +0.106, +0.033, +0.085, +0.201, +0.248]
[tick 166] L: [+0.498, -0.175, +0.000, +0.000, +0.229, +0.227, +0.023, +0.091, +0.159, +0.244, +0.431, +0.544] R: [+0.249, -0.175, +0.021, +0.000, +0.134, +0.191, +0.070, +0.106, +0.033, +0.085, +0.201, +0.248]
[tick 167] L: [+0.498, -0.175, +0.000, +0.000, +0.229, +0.227, +0.023, +0.091, +0.159, +0.244, +0.431, +0.544] R: [+0.249, -0.175, +0.021, +0.000, +0.134, +0.191, +0.070, +0.106, +0.033, +0.085, +0.201, +0.248]
[tick 168] L: [+0.498, -0.175, +0.000, +0.000, +0.229, +0.227, +0.023, +0.091, +0.159, +0.244, +0.431, +0.544] R: [+0.249, -0.175, +0.021, +0.000, +0.134, +0.191, +0.070, +0.106, +0.033, +0.085, +0.201, +0.248]
[tick 169] L: [+0.498, -0.175, +0.000, +0.000, +0.229, +0.227, +0.023, +0.091, +0.159, +0.244, +0.431, +0.544] R: [+0.249, -0.175, +0.021, +0.000, +0.134, +0.191, +0.070, +0.106, +0.033, +0.085, +0.201, +0.248]
[tick 170] L: [+0.498, -0.175, +0.000, +0.000, +0.229, +0.227, +0.023, +0.091, +0.159, +0.244, +0.431, +0.544] R: [+0.249, -0.175, +0.021, +0.000, +0.134, +0.191, +0.070, +0.106, +0.033, +0.085, +0.201, +0.248]
[tick 171] L: [+0.498, -0.175, +0.000, +0.000, +0.229, +0.227, +0.023, +0.091, +0.159, +0.244, +0.431, +0.544] R: [+0.249, -0.175, +0.021, +0.000, +0.134, +0.191, +0.070, +0.106, +0.033, +0.085, +0.201, +0.248]
[tick 172] L: [+0.498, -0.175, +0.000, +0.000, +0.229, +0.227, +0.023, +0.091, +0.159, +0.244, +0.431, +0.544] R: [+0.249, -0.175, +0.021, +0.000, +0.134, +0.191, +0.070, +0.106, +0.033, +0.085, +0.201, +0.248]
[tick 173] L: [+0.498, -0.175, +0.000, +0.000, +0.229, +0.227, +0.023, +0.091, +0.159, +0.244, +0.431, +0.544] R: [+0.249, -0.175, +0.021, +0.000, +0.134, +0.191, +0.070, +0.106, +0.033, +0.085, +0.201, +0.248]
[tick 174] L: [+0.498, -0.175, +0.000, +0.000, +0.229, +0.227, +0.023, +0.091, +0.159, +0.244, +0.431, +0.544] R: [+0.249, -0.175, +0.021, +0.000, +0.134, +0.191, +0.070, +0.106, +0.033, +0.085, +0.201, +0.248]
[tick 175] L: [+0.498, -0.175, +0.000, +0.000, +0.229, +0.227, +0.023, +0.091, +0.159, +0.244, +0.431, +0.544] R: [+0.249, -0.175, +0.021, +0.000, +0.134, +0.191, +0.070, +0.106, +0.033, +0.085, +0.201, +0.248]
[tick 176] L: [+0.498, -0.175, +0.000, +0.000, +0.229, +0.227, +0.023, +0.091, +0.159, +0.244, +0.431, +0.544] R: [+0.249, -0.175, +0.021, +0.000, +0.134, +0.191, +0.070, +0.106, +0.033, +0.085, +0.201, +0.248]
[tick 177] L: [+0.498, -0.175, +0.000, +0.000, +0.229, +0.227, +0.023, +0.091, +0.159, +0.244, +0.431, +0.544] R: [+0.249, -0.175, +0.021, +0.000, +0.134, +0.191, +0.070, +0.106, +0.033, +0.085, +0.201, +0.248]
[tick 178] L: [+0.498, -0.175, +0.000, +0.000, +0.229, +0.227, +0.023, +0.091, +0.159, +0.244, +0.431, +0.544] R: [+0.249, -0.175, +0.021, +0.000, +0.134, +0.191, +0.070, +0.106, +0.033, +0.085, +0.201, +0.248]
[tick 179] L: [+0.498, -0.175, +0.000, +0.000, +0.229, +0.227, +0.023, +0.091, +0.159, +0.244, +0.431, +0.544] R: [+0.249, -0.175, +0.021, +0.000, +0.134, +0.191, +0.070, +0.106, +0.033, +0.085, +0.201, +0.248]
[tick 180] L: [+0.498, -0.175, +0.000, +0.000, +0.229, +0.227, +0.023, +0.091, +0.159, +0.244, +0.431, +0.544] R: [+0.249, -0.175, +0.021, +0.000, +0.134, +0.191, +0.070, +0.106, +0.033, +0.085, +0.201, +0.248]
[tick 181] L: [+0.498, -0.175, +0.000, +0.000, +0.229, +0.227, +0.023, +0.091, +0.159, +0.244, +0.431, +0.544] R: [+0.249, -0.175, +0.021, +0.000, +0.134, +0.191, +0.070, +0.106, +0.033, +0.085, +0.201, +0.248]
[tick 182] L: [+0.498, -0.175, +0.000, +0.000, +0.229, +0.227, +0.023, +0.091, +0.159, +0.244, +0.431, +0.544] R: [+0.249, -0.175, +0.021, +0.000, +0.134, +0.191, +0.070, +0.106, +0.033, +0.085, +0.201, +0.248]
[tick 183] L: [+0.498, -0.175, +0.000, +0.000, +0.229, +0.227, +0.023, +0.091, +0.159, +0.244, +0.431, +0.544] R: [+0.249, -0.175, +0.021, +0.000, +0.134, +0.191, +0.070, +0.106, +0.033, +0.085, +0.201, +0.248]
[tick 184] L: [+0.498, -0.175, +0.000, +0.000, +0.229, +0.227, +0.023, +0.091, +0.159, +0.244, +0.431, +0.544] R: [+0.249, -0.175, +0.021, +0.000, +0.134, +0.191, +0.070, +0.106, +0.033, +0.085, +0.201, +0.248]
[tick 185] L: [+0.498, -0.175, +0.000, +0.000, +0.229, +0.227, +0.023, +0.091, +0.159, +0.244, +0.431, +0.544] R: [+0.249, -0.175, +0.021, +0.000, +0.134, +0.191, +0.070, +0.106, +0.033, +0.085, +0.201, +0.248]
[tick 186] L: [+0.498, -0.175, +0.000, +0.000, +0.229, +0.227, +0.023, +0.091, +0.159, +0.244, +0.431, +0.544] R: [+0.249, -0.175, +0.021, +0.000, +0.134, +0.191, +0.070, +0.106, +0.033, +0.085, +0.201, +0.248]
[tick 187] L: [+0.498, -0.175, +0.000, +0.000, +0.229, +0.227, +0.023, +0.091, +0.159, +0.244, +0.431, +0.544] R: [+0.249, -0.175, +0.021, +0.000, +0.134, +0.191, +0.070, +0.106, +0.033, +0.085, +0.201, +0.248]
[tick 188] L: [+0.498, -0.175, +0.000, +0.000, +0.229, +0.227, +0.023, +0.091, +0.159, +0.244, +0.431, +0.544] R: [+0.249, -0.175, +0.021, +0.000, +0.134, +0.191, +0.070, +0.106, +0.033, +0.085, +0.201, +0.248]
[tick 189] L: [+0.498, -0.175, +0.000, +0.000, +0.229, +0.227, +0.023, +0.091, +0.159, +0.244, +0.431, +0.544] R: [+0.249, -0.175, +0.021, +0.000, +0.134, +0.191, +0.070, +0.106, +0.033, +0.085, +0.201, +0.248]
[tick 190] L: [+0.498, -0.175, +0.000, +0.000, +0.229, +0.227, +0.023, +0.091, +0.159, +0.244, +0.431, +0.544] R: [+0.249, -0.175, +0.021, +0.000, +0.134, +0.191, +0.070, +0.106, +0.033, +0.085, +0.201, +0.248]
[tick 191] L: [+0.498, -0.175, +0.000, +0.000, +0.229, +0.227, +0.023, +0.091, +0.159, +0.244, +0.431, +0.544] R: [+0.249, -0.175, +0.021, +0.000, +0.134, +0.191, +0.070, +0.106, +0.033, +0.085, +0.201, +0.248]
[tick 192] L: [+0.498, -0.175, +0.000, +0.000, +0.229, +0.227, +0.023, +0.091, +0.159, +0.244, +0.431, +0.544] R: [+0.249, -0.175, +0.021, +0.000, +0.134, +0.191, +0.070, +0.106, +0.033, +0.085, +0.201, +0.248]
[tick 193] L: [+0.498, -0.175, +0.000, +0.000, +0.229, +0.227, +0.023, +0.091, +0.159, +0.244, +0.431, +0.544] R: [+0.249, -0.175, +0.021, +0.000, +0.134, +0.191, +0.070, +0.106, +0.033, +0.085, +0.201, +0.248]
[tick 194] L: [+0.498, -0.175, +0.000, +0.000, +0.229, +0.227, +0.023, +0.091, +0.159, +0.244, +0.431, +0.544] R: [+0.249, -0.175, +0.021, +0.000, +0.134, +0.191, +0.070, +0.106, +0.033, +0.085, +0.201, +0.248]
[tick 195] L: [+0.498, -0.175, +0.000, +0.000, +0.229, +0.227, +0.023, +0.091, +0.159, +0.244, +0.431, +0.544] R: [+0.249, -0.175, +0.021, +0.000, +0.134, +0.191, +0.070, +0.106, +0.033, +0.085, +0.201, +0.248]
[tick 196] L: [+0.498, -0.175, +0.000, +0.000, +0.229, +0.227, +0.023, +0.091, +0.159, +0.244, +0.431, +0.544] R: [+0.249, -0.175, +0.021, +0.000, +0.134, +0.191, +0.070, +0.106, +0.033, +0.085, +0.201, +0.248]
[tick 197] L: [+0.498, -0.175, +0.000, +0.000, +0.229, +0.227, +0.023, +0.091, +0.159, +0.244, +0.431, +0.544] R: [+0.249, -0.175, +0.021, +0.000, +0.134, +0.191, +0.070, +0.106, +0.033, +0.085, +0.201, +0.248]
[tick 198] L: [+0.498, -0.175, +0.000, +0.000, +0.229, +0.227, +0.023, +0.091, +0.159, +0.244, +0.431, +0.544] R: [+0.249, -0.175, +0.021, +0.000, +0.134, +0.191, +0.070, +0.106, +0.033, +0.085, +0.201, +0.248]
[tick 199] L: [+0.498, -0.175, +0.000, +0.000, +0.229, +0.227, +0.023, +0.091, +0.159, +0.244, +0.431, +0.544] R: [+0.249, -0.175, +0.021, +0.000, +0.134, +0.191, +0.070, +0.106, +0.033, +0.085, +0.201, +0.248]
[tick 200] L: [+0.498, -0.175, +0.000, +0.000, +0.229, +0.227, +0.023, +0.091, +0.159, +0.244, +0.431, +0.544] R: [+0.249, -0.175, +0.021, +0.000, +0.134, +0.191, +0.070, +0.106, +0.033, +0.085, +0.201, +0.248]
[tick 201] L: [+0.498, -0.175, +0.000, +0.000, +0.229, +0.227, +0.023, +0.091, +0.159, +0.244, +0.431, +0.544] R: [+0.249, -0.175, +0.021, +0.000, +0.134, +0.191, +0.070, +0.106, +0.033, +0.085, +0.201, +0.248]
[tick 202] L: [+0.498, -0.175, +0.000, +0.000, +0.229, +0.227, +0.023, +0.091, +0.159, +0.244, +0.431, +0.544] R: [+0.249, -0.175, +0.021, +0.000, +0.134, +0.191, +0.070, +0.106, +0.033, +0.085, +0.201, +0.248]
[tick 203] L: [+0.498, -0.175, +0.000, +0.000, +0.229, +0.227, +0.023, +0.091, +0.159, +0.244, +0.431, +0.544] R: [+0.249, -0.175, +0.021, +0.000, +0.134, +0.191, +0.070, +0.106, +0.033, +0.085, +0.201, +0.248]
[tick 204] L: [+0.498, -0.175, +0.000, +0.000, +0.229, +0.227, +0.023, +0.091, +0.159, +0.244, +0.431, +0.544] R: [+0.249, -0.175, +0.021, +0.000, +0.134, +0.191, +0.070, +0.106, +0.033, +0.085, +0.201, +0.248]
[tick 205] L: [+0.498, -0.175, +0.000, +0.000, +0.229, +0.227, +0.023, +0.091, +0.159, +0.244, +0.431, +0.544] R: [+0.249, -0.175, +0.021, +0.000, +0.134, +0.191, +0.070, +0.106, +0.033, +0.085, +0.201, +0.248]
[tick 206] L: [+0.498, -0.175, +0.000, +0.000, +0.229, +0.227, +0.023, +0.091, +0.159, +0.244, +0.431, +0.544] R: [+0.249, -0.175, +0.021, +0.000, +0.134, +0.191, +0.070, +0.106, +0.033, +0.085, +0.201, +0.248]
[tick 207] L: [+0.498, -0.175, +0.000, +0.000, +0.229, +0.227, +0.023, +0.091, +0.159, +0.244, +0.431, +0.544] R: [+0.249, -0.175, +0.021, +0.000, +0.134, +0.191, +0.070, +0.106, +0.033, +0.085, +0.201, +0.248]
[tick 208] L: [+0.498, -0.175, +0.000, +0.000, +0.229, +0.227, +0.023, +0.091, +0.159, +0.244, +0.431, +0.544] R: [+0.249, -0.175, +0.021, +0.000, +0.134, +0.191, +0.070, +0.106, +0.033, +0.085, +0.201, +0.248]
[tick 209] L: [+0.498, -0.175, +0.000, +0.000, +0.229, +0.227, +0.023, +0.091, +0.159, +0.244, +0.431, +0.544] R: [+0.249, -0.175, +0.021, +0.000, +0.134, +0.191, +0.070, +0.106, +0.033, +0.085, +0.201, +0.248]
[tick 210] L: [+0.498, -0.175, +0.000, +0.000, +0.229, +0.227, +0.023, +0.091, +0.159, +0.244, +0.431, +0.544] R: [+0.249, -0.175, +0.021, +0.000, +0.134, +0.191, +0.070, +0.106, +0.033, +0.085, +0.201, +0.248]
[tick 211] L: [+0.498, -0.175, +0.000, +0.000, +0.229, +0.227, +0.023, +0.091, +0.159, +0.244, +0.431, +0.544] R: [+0.249, -0.175, +0.021, +0.000, +0.134, +0.191, +0.070, +0.106, +0.033, +0.085, +0.201, +0.248]
[tick 212] L: [+0.498, -0.175, +0.000, +0.000, +0.229, +0.227, +0.023, +0.091, +0.159, +0.244, +0.431, +0.544] R: [+0.249, -0.175, +0.021, +0.000, +0.134, +0.191, +0.070, +0.106, +0.033, +0.085, +0.201, +0.248]
[tick 213] L: [+0.498, -0.175, +0.000, +0.000, +0.229, +0.227, +0.023, +0.091, +0.159, +0.244, +0.431, +0.544] R: [+0.249, -0.175, +0.021, +0.000, +0.134, +0.191, +0.070, +0.106, +0.033, +0.085, +0.201, +0.248]
[tick 214] L: [+0.498, -0.175, +0.000, +0.000, +0.229, +0.227, +0.023, +0.091, +0.159, +0.244, +0.431, +0.544] R: [+0.249, -0.175, +0.021, +0.000, +0.134, +0.191, +0.070, +0.106, +0.033, +0.085, +0.201, +0.248]
[tick 215] L: [+0.498, -0.175, +0.000, +0.000, +0.229, +0.227, +0.023, +0.091, +0.159, +0.244, +0.431, +0.544] R: [+0.249, -0.175, +0.021, +0.000, +0.134, +0.191, +0.070, +0.106, +0.033, +0.085, +0.201, +0.248]
[tick 216] L: [+0.498, -0.175, +0.000, +0.000, +0.229, +0.227, +0.023, +0.091, +0.159, +0.244, +0.431, +0.544] R: [+0.249, -0.175, +0.021, +0.000, +0.134, +0.191, +0.070, +0.106, +0.033, +0.085, +0.201, +0.248]
[tick 217] L: [+0.498, -0.175, +0.000, +0.000, +0.229, +0.227, +0.023, +0.091, +0.159, +0.244, +0.431, +0.544] R: [+0.249, -0.175, +0.021, +0.000, +0.134, +0.191, +0.070, +0.106, +0.033, +0.085, +0.201, +0.248]
[tick 218] L: [+0.498, -0.175, +0.000, +0.000, +0.229, +0.227, +0.023, +0.091, +0.159, +0.244, +0.431, +0.544] R: [+0.249, -0.175, +0.021, +0.000, +0.134, +0.191, +0.070, +0.106, +0.033, +0.085, +0.201, +0.248]
[tick 219] L: [+0.498, -0.175, +0.000, +0.000, +0.229, +0.227, +0.023, +0.091, +0.159, +0.244, +0.431, +0.544] R: [+0.249, -0.175, +0.021, +0.000, +0.134, +0.191, +0.070, +0.106, +0.033, +0.085, +0.201, +0.248]
[tick 220] L: [+0.498, -0.175, +0.000, +0.000, +0.229, +0.227, +0.023, +0.091, +0.159, +0.244, +0.431, +0.544] R: [+0.249, -0.175, +0.021, +0.000, +0.134, +0.191, +0.070, +0.106, +0.033, +0.085, +0.201, +0.248]
[tick 221] L: [+0.498, -0.175, +0.000, +0.000, +0.229, +0.227, +0.023, +0.091, +0.159, +0.244, +0.431, +0.544] R: [+0.249, -0.175, +0.021, +0.000, +0.134, +0.191, +0.070, +0.106, +0.033, +0.085, +0.201, +0.248]
[tick 222] L: [+0.498, -0.175, +0.000, +0.000, +0.229, +0.227, +0.023, +0.091, +0.159, +0.244, +0.431, +0.544] R: [+0.249, -0.175, +0.021, +0.000, +0.134, +0.191, +0.070, +0.106, +0.033, +0.085, +0.201, +0.248]
[tick 223] L: [+0.498, -0.175, +0.000, +0.000, +0.229, +0.227, +0.023, +0.091, +0.159, +0.244, +0.431, +0.544] R: [+0.249, -0.175, +0.021, +0.000, +0.134, +0.191, +0.070, +0.106, +0.033, +0.085, +0.201, +0.248]
[tick 224] L: [+0.498, -0.175, +0.000, +0.000, +0.229, +0.227, +0.023, +0.091, +0.159, +0.244, +0.431, +0.544] R: [+0.249, -0.175, +0.021, +0.000, +0.134, +0.191, +0.070, +0.106, +0.033, +0.085, +0.201, +0.248]
[tick 225] L: [+0.498, -0.175, +0.000, +0.000, +0.229, +0.227, +0.023, +0.091, +0.159, +0.244, +0.431, +0.544] R: [+0.249, -0.175, +0.021, +0.000, +0.134, +0.191, +0.070, +0.106, +0.033, +0.085, +0.201, +0.248]
[tick 226] L: [+0.498, -0.175, +0.000, +0.000, +0.229, +0.227, +0.023, +0.091, +0.159, +0.244, +0.431, +0.544] R: [+0.249, -0.175, +0.021, +0.000, +0.134, +0.191, +0.070, +0.106, +0.033, +0.085, +0.201, +0.248]
[tick 227] L: [+0.498, -0.175, +0.000, +0.000, +0.229, +0.227, +0.023, +0.091, +0.159, +0.244, +0.431, +0.544] R: [+0.249, -0.175, +0.021, +0.000, +0.134, +0.191, +0.070, +0.106, +0.033, +0.085, +0.201, +0.248]
[tick 228] L: [+0.498, -0.175, +0.000, +0.000, +0.229, +0.227, +0.023, +0.091, +0.159, +0.244, +0.431, +0.544] R: [+0.249, -0.175, +0.021, +0.000, +0.134, +0.191, +0.070, +0.106, +0.033, +0.085, +0.201, +0.248]
[tick 229] L: [+0.498, -0.175, +0.000, +0.000, +0.229, +0.227, +0.023, +0.091, +0.159, +0.244, +0.431, +0.544] R: [+0.249, -0.175, +0.021, +0.000, +0.134, +0.191, +0.070, +0.106, +0.033, +0.085, +0.201, +0.248]
[tick 230] L: [+0.498, -0.175, +0.000, +0.000, +0.229, +0.227, +0.023, +0.091, +0.159, +0.244, +0.431, +0.544] R: [+0.249, -0.175, +0.021, +0.000, +0.134, +0.191, +0.070, +0.106, +0.033, +0.085, +0.201, +0.248]
[tick 231] L: [+0.498, -0.175, +0.000, +0.000, +0.229, +0.227, +0.023, +0.091, +0.159, +0.244, +0.431, +0.544] R: [+0.249, -0.175, +0.021, +0.000, +0.134, +0.191, +0.070, +0.106, +0.033, +0.085, +0.201, +0.248]
[tick 232] L: [+0.498, -0.175, +0.000, +0.000, +0.229, +0.227, +0.023, +0.091, +0.159, +0.244, +0.431, +0.544] R: [+0.249, -0.175, +0.021, +0.000, +0.134, +0.191, +0.070, +0.106, +0.033, +0.085, +0.201, +0.248]
[tick 233] L: [+0.498, -0.175, +0.000, +0.000, +0.229, +0.227, +0.023, +0.091, +0.159, +0.244, +0.431, +0.544] R: [+0.249, -0.175, +0.021, +0.000, +0.134, +0.191, +0.070, +0.106, +0.033, +0.085, +0.201, +0.248]
[tick 234] L: [+0.498, -0.175, +0.000, +0.000, +0.229, +0.227, +0.023, +0.091, +0.159, +0.244, +0.431, +0.544] R: [+0.249, -0.175, +0.021, +0.000, +0.134, +0.191, +0.070, +0.106, +0.033, +0.085, +0.201, +0.248]
[tick 235] L: [+0.498, -0.175, +0.000, +0.000, +0.229, +0.227, +0.023, +0.091, +0.159, +0.244, +0.431, +0.544] R: [+0.249, -0.175, +0.021, +0.000, +0.134, +0.191, +0.070, +0.106, +0.033, +0.085, +0.201, +0.248]
[tick 236] L: [+0.498, -0.175, +0.000, +0.000, +0.229, +0.227, +0.023, +0.091, +0.159, +0.244, +0.431, +0.544] R: [+0.249, -0.175, +0.021, +0.000, +0.134, +0.191, +0.070, +0.106, +0.033, +0.085, +0.201, +0.248]
[tick 237] L: [+0.498, -0.175, +0.000, +0.000, +0.229, +0.227, +0.023, +0.091, +0.159, +0.244, +0.431, +0.544] R: [+0.249, -0.175, +0.021, +0.000, +0.134, +0.191, +0.070, +0.106, +0.033, +0.085, +0.201, +0.248]
[tick 238] L: [+0.498, -0.175, +0.000, +0.000, +0.229, +0.227, +0.023, +0.091, +0.159, +0.244, +0.431, +0.544] R: [+0.249, -0.175, +0.021, +0.000, +0.134, +0.191, +0.070, +0.106, +0.033, +0.085, +0.201, +0.248]
[tick 239] L: [+0.498, -0.175, +0.000, +0.000, +0.229, +0.227, +0.023, +0.091, +0.159, +0.244, +0.431, +0.544] R: [+0.249, -0.175, +0.021, +0.000, +0.134, +0.191, +0.070, +0.106, +0.033, +0.085, +0.201, +0.248]
[tick 240] L: [+0.498, -0.175, +0.000, +0.000, +0.229, +0.227, +0.023, +0.091, +0.159, +0.244, +0.431, +0.544] R: [+0.249, -0.175, +0.021, +0.000, +0.134, +0.191, +0.070, +0.106, +0.033, +0.085, +0.201, +0.248]
[tick 241] L: [+0.498, -0.175, +0.000, +0.000, +0.229, +0.227, +0.023, +0.091, +0.159, +0.244, +0.431, +0.544] R: [+0.249, -0.175, +0.021, +0.000, +0.134, +0.191, +0.070, +0.106, +0.033, +0.085, +0.201, +0.248]
[tick 242] L: [+0.498, -0.175, +0.000, +0.000, +0.229, +0.227, +0.023, +0.091, +0.159, +0.244, +0.431, +0.544] R: [+0.249, -0.175, +0.021, +0.000, +0.134, +0.191, +0.070, +0.106, +0.033, +0.085, +0.201, +0.248]
[tick 243] L: [+0.498, -0.175, +0.000, +0.000, +0.229, +0.227, +0.023, +0.091, +0.159, +0.244, +0.431, +0.544] R: [+0.249, -0.175, +0.021, +0.000, +0.134, +0.191, +0.070, +0.106, +0.033, +0.085, +0.201, +0.248]
[tick 244] L: [+0.498, -0.175, +0.000, +0.000, +0.229, +0.227, +0.023, +0.091, +0.159, +0.244, +0.431, +0.544] R: [+0.249, -0.175, +0.021, +0.000, +0.134, +0.191, +0.070, +0.106, +0.033, +0.085, +0.201, +0.248]
[tick 245] L: [+0.498, -0.175, +0.000, +0.000, +0.229, +0.227, +0.023, +0.091, +0.159, +0.244, +0.431, +0.544] R: [+0.249, -0.175, +0.021, +0.000, +0.134, +0.191, +0.070, +0.106, +0.033, +0.085, +0.201, +0.248]
[tick 246] L: [+0.498, -0.175, +0.000, +0.000, +0.229, +0.227, +0.023, +0.091, +0.159, +0.244, +0.431, +0.544] R: [+0.249, -0.175, +0.021, +0.000, +0.134, +0.191, +0.070, +0.106, +0.033, +0.085, +0.201, +0.248]
[tick 247] L: [+0.498, -0.175, +0.000, +0.000, +0.229, +0.227, +0.023, +0.091, +0.159, +0.244, +0.431, +0.544] R: [+0.249, -0.175, +0.021, +0.000, +0.134, +0.191, +0.070, +0.106, +0.033, +0.085, +0.201, +0.248]
[tick 248] L: [+0.498, -0.175, +0.000, +0.000, +0.229, +0.227, +0.023, +0.091, +0.159, +0.244, +0.431, +0.544] R: [+0.249, -0.175, +0.021, +0.000, +0.134, +0.191, +0.070, +0.106, +0.033, +0.085, +0.201, +0.248]
[tick 249] L: [+0.498, -0.175, +0.000, +0.000, +0.229, +0.227, +0.023, +0.091, +0.159, +0.244, +0.431, +0.544] R: [+0.249, -0.175, +0.021, +0.000, +0.134, +0.191, +0.070, +0.106, +0.033, +0.085, +0.201, +0.248]
[tick 250] L: [+0.498, -0.175, +0.000, +0.000, +0.229, +0.227, +0.023, +0.091, +0.159, +0.244, +0.431, +0.544] R: [+0.249, -0.175, +0.021, +0.000, +0.134, +0.191, +0.070, +0.106, +0.033, +0.085, +0.201, +0.248]
[tick 251] L: [+0.498, -0.175, +0.000, +0.000, +0.229, +0.227, +0.023, +0.091, +0.159, +0.244, +0.431, +0.544] R: [+0.249, -0.175, +0.021, +0.000, +0.134, +0.191, +0.070, +0.106, +0.033, +0.085, +0.201, +0.248]
[tick 252] L: [+0.498, -0.175, +0.000, +0.000, +0.229, +0.227, +0.023, +0.091, +0.159, +0.244, +0.431, +0.544] R: [+0.249, -0.175, +0.021, +0.000, +0.134, +0.191, +0.070, +0.106, +0.033, +0.085, +0.201, +0.248]
[tick 253] L: [+0.498, -0.175, +0.000, +0.000, +0.229, +0.227, +0.023, +0.091, +0.159, +0.244, +0.431, +0.544] R: [+0.249, -0.175, +0.021, +0.000, +0.134, +0.191, +0.070, +0.106, +0.033, +0.085, +0.201, +0.248]
[tick 254] L: [+0.498, -0.175, +0.000, +0.000, +0.229, +0.227, +0.023, +0.091, +0.159, +0.244, +0.431, +0.544] R: [+0.249, -0.175, +0.021, +0.000, +0.134, +0.191, +0.070, +0.106, +0.033, +0.085, +0.201, +0.248]
[tick 255] L: [+0.498, -0.175, +0.000, +0.000, +0.229, +0.227, +0.023, +0.091, +0.159, +0.244, +0.431, +0.544] R: [+0.249, -0.175, +0.021, +0.000, +0.134, +0.191, +0.070, +0.106, +0.033, +0.085, +0.201, +0.248]
[tick 256] L: [+0.498, -0.175, +0.000, +0.000, +0.229, +0.227, +0.023, +0.091, +0.159, +0.244, +0.431, +0.544] R: [+0.249, -0.175, +0.021, +0.000, +0.134, +0.191, +0.070, +0.106, +0.033, +0.085, +0.201, +0.248]
[tick 257] L: [+0.498, -0.175, +0.000, +0.000, +0.229, +0.227, +0.023, +0.091, +0.159, +0.244, +0.431, +0.544] R: [+0.249, -0.175, +0.021, +0.000, +0.134, +0.191, +0.070, +0.106, +0.033, +0.085, +0.201, +0.248]
[tick 258] L: [+0.498, -0.175, +0.000, +0.000, +0.229, +0.227, +0.023, +0.091, +0.159, +0.244, +0.431, +0.544] R: [+0.249, -0.175, +0.021, +0.000, +0.134, +0.191, +0.070, +0.106, +0.033, +0.085, +0.201, +0.248]
[tick 259] L: [+0.498, -0.175, +0.000, +0.000, +0.229, +0.227, +0.023, +0.091, +0.159, +0.244, +0.431, +0.544] R: [+0.249, -0.175, +0.021, +0.000, +0.134, +0.191, +0.070, +0.106, +0.033, +0.085, +0.201, +0.248]
[tick 260] L: [+0.498, -0.175, +0.000, +0.000, +0.229, +0.227, +0.023, +0.091, +0.159, +0.244, +0.431, +0.544] R: [+0.249, -0.175, +0.021, +0.000, +0.134, +0.191, +0.070, +0.106, +0.033, +0.085, +0.201, +0.248]
[tick 261] L: [+0.498, -0.175, +0.000, +0.000, +0.229, +0.227, +0.023, +0.091, +0.159, +0.244, +0.431, +0.544] R: [+0.249, -0.175, +0.021, +0.000, +0.134, +0.191, +0.070, +0.106, +0.033, +0.085, +0.201, +0.248]
[tick 262] L: [+0.498, -0.175, +0.000, +0.000, +0.229, +0.227, +0.023, +0.091, +0.159, +0.244, +0.431, +0.544] R: [+0.249, -0.175, +0.021, +0.000, +0.134, +0.191, +0.070, +0.106, +0.033, +0.085, +0.201, +0.248]
[tick 263] L: [+0.498, -0.175, +0.000, +0.000, +0.229, +0.227, +0.023, +0.091, +0.159, +0.244, +0.431, +0.544] R: [+0.249, -0.175, +0.021, +0.000, +0.134, +0.191, +0.070, +0.106, +0.033, +0.085, +0.201, +0.248]
[tick 264] L: [+0.498, -0.175, +0.000, +0.000, +0.229, +0.227, +0.023, +0.091, +0.159, +0.244, +0.431, +0.544] R: [+0.249, -0.175, +0.021, +0.000, +0.134, +0.191, +0.070, +0.106, +0.033, +0.085, +0.201, +0.248]
[tick 265] L: [+0.498, -0.175, +0.000, +0.000, +0.229, +0.227, +0.023, +0.091, +0.159, +0.244, +0.431, +0.544] R: [+0.249, -0.175, +0.021, +0.000, +0.134, +0.191, +0.070, +0.106, +0.033, +0.085, +0.201, +0.248]
[tick 266] L: [+0.498, -0.175, +0.000, +0.000, +0.229, +0.227, +0.023, +0.091, +0.159, +0.244, +0.431, +0.544] R: [+0.249, -0.175, +0.021, +0.000, +0.134, +0.191, +0.070, +0.106, +0.033, +0.085, +0.201, +0.248]
[tick 267] L: [+0.498, -0.175, +0.000, +0.000, +0.229, +0.227, +0.023, +0.091, +0.159, +0.244, +0.431, +0.544] R: [+0.249, -0.175, +0.021, +0.000, +0.134, +0.191, +0.070, +0.106, +0.033, +0.085, +0.201, +0.248]
[tick 268] L: [+0.498, -0.175, +0.000, +0.000, +0.229, +0.227, +0.023, +0.091, +0.159, +0.244, +0.431, +0.544] R: [+0.249, -0.175, +0.021, +0.000, +0.134, +0.191, +0.070, +0.106, +0.033, +0.085, +0.201, +0.248]
[tick 269] L: [+0.498, -0.175, +0.000, +0.000, +0.229, +0.227, +0.023, +0.091, +0.159, +0.244, +0.431, +0.544] R: [+0.249, -0.175, +0.021, +0.000, +0.134, +0.191, +0.070, +0.106, +0.033, +0.085, +0.201, +0.248]
[tick 270] L: [+0.498, -0.175, +0.000, +0.000, +0.229, +0.227, +0.023, +0.091, +0.159, +0.244, +0.431, +0.544] R: [+0.249, -0.175, +0.021, +0.000, +0.134, +0.191, +0.070, +0.106, +0.033, +0.085, +0.201, +0.248]
[tick 271] L: [+0.498, -0.175, +0.000, +0.000, +0.229, +0.227, +0.023, +0.091, +0.159, +0.244, +0.431, +0.544] R: [+0.249, -0.175, +0.021, +0.000, +0.134, +0.191, +0.070, +0.106, +0.033, +0.085, +0.201, +0.248]
[tick 272] L: [+0.498, -0.175, +0.000, +0.000, +0.229, +0.227, +0.023, +0.091, +0.159, +0.244, +0.431, +0.544] R: [+0.249, -0.175, +0.021, +0.000, +0.134, +0.191, +0.070, +0.106, +0.033, +0.085, +0.201, +0.248]
[tick 273] L: [+0.498, -0.175, +0.000, +0.000, +0.229, +0.227, +0.023, +0.091, +0.159, +0.244, +0.431, +0.544] R: [+0.249, -0.175, +0.021, +0.000, +0.134, +0.191, +0.070, +0.106, +0.033, +0.085, +0.201, +0.248]
[tick 274] L: [+0.498, -0.175, +0.000, +0.000, +0.229, +0.227, +0.023, +0.091, +0.159, +0.244, +0.431, +0.544] R: [+0.249, -0.175, +0.021, +0.000, +0.134, +0.191, +0.070, +0.106, +0.033, +0.085, +0.201, +0.248]
[tick 275] L: [+0.498, -0.175, +0.000, +0.000, +0.229, +0.227, +0.023, +0.091, +0.159, +0.244, +0.431, +0.544] R: [+0.249, -0.175, +0.021, +0.000, +0.134, +0.191, +0.070, +0.106, +0.033, +0.085, +0.201, +0.248]
[tick 276] L: [+0.498, -0.175, +0.000, +0.000, +0.229, +0.227, +0.023, +0.091, +0.159, +0.244, +0.431, +0.544] R: [+0.249, -0.175, +0.021, +0.000, +0.134, +0.191, +0.070, +0.106, +0.033, +0.085, +0.201, +0.248]
[tick 277] L: [+0.498, -0.175, +0.000, +0.000, +0.229, +0.227, +0.023, +0.091, +0.159, +0.244, +0.431, +0.544] R: [+0.249, -0.175, +0.021, +0.000, +0.134, +0.191, +0.070, +0.106, +0.033, +0.085, +0.201, +0.248]
[tick 278] L: [+0.498, -0.175, +0.000, +0.000, +0.229, +0.227, +0.023, +0.091, +0.159, +0.244, +0.431, +0.544] R: [+0.249, -0.175, +0.021, +0.000, +0.134, +0.191, +0.070, +0.106, +0.033, +0.085, +0.201, +0.248]
[tick 279] L: [+0.498, -0.175, +0.000, +0.000, +0.229, +0.227, +0.023, +0.091, +0.159, +0.244, +0.431, +0.544] R: [+0.249, -0.175, +0.021, +0.000, +0.134, +0.191, +0.070, +0.106, +0.033, +0.085, +0.201, +0.248]
[tick 280] L: [+0.498, -0.175, +0.000, +0.000, +0.229, +0.227, +0.023, +0.091, +0.159, +0.244, +0.431, +0.544] R: [+0.249, -0.175, +0.021, +0.000, +0.134, +0.191, +0.070, +0.106, +0.033, +0.085, +0.201, +0.248]
[tick 281] L: [+0.498, -0.175, +0.000, +0.000, +0.229, +0.227, +0.023, +0.091, +0.159, +0.244, +0.431, +0.544] R: [+0.249, -0.175, +0.021, +0.000, +0.134, +0.191, +0.070, +0.106, +0.033, +0.085, +0.201, +0.248]
[tick 282] L: [+0.498, -0.175, +0.000, +0.000, +0.229, +0.227, +0.023, +0.091, +0.159, +0.244, +0.431, +0.544] R: [+0.249, -0.175, +0.021, +0.000, +0.134, +0.191, +0.070, +0.106, +0.033, +0.085, +0.201, +0.248]
[tick 283] L: [+0.498, -0.175, +0.000, +0.000, +0.229, +0.227, +0.023, +0.091, +0.159, +0.244, +0.431, +0.544] R: [+0.249, -0.175, +0.021, +0.000, +0.134, +0.191, +0.070, +0.106, +0.033, +0.085, +0.201, +0.248]
[tick 284] L: [+0.498, -0.175, +0.000, +0.000, +0.229, +0.227, +0.023, +0.091, +0.159, +0.244, +0.431, +0.544] R: [+0.249, -0.175, +0.021, +0.000, +0.134, +0.191, +0.070, +0.106, +0.033, +0.085, +0.201, +0.248]
[tick 285] L: [+0.498, -0.175, +0.000, +0.000, +0.229, +0.227, +0.023, +0.091, +0.159, +0.244, +0.431, +0.544] R: [+0.249, -0.175, +0.021, +0.000, +0.134, +0.191, +0.070, +0.106, +0.033, +0.085, +0.201, +0.248]
[tick 286] L: [+0.498, -0.175, +0.000, +0.000, +0.229, +0.227, +0.023, +0.091, +0.159, +0.244, +0.431, +0.544] R: [+0.249, -0.175, +0.021, +0.000, +0.134, +0.191, +0.070, +0.106, +0.033, +0.085, +0.201, +0.248]
[tick 287] L: [+0.498, -0.175, +0.000, +0.000, +0.229, +0.227, +0.023, +0.091, +0.159, +0.244, +0.431, +0.544] R: [+0.249, -0.175, +0.021, +0.000, +0.134, +0.191, +0.070, +0.106, +0.033, +0.085, +0.201, +0.248]
[tick 288] L: [+0.498, -0.175, +0.000, +0.000, +0.229, +0.227, +0.023, +0.091, +0.159, +0.244, +0.431, +0.544] R: [+0.249, -0.175, +0.021, +0.000, +0.134, +0.191, +0.070, +0.106, +0.033, +0.085, +0.201, +0.248]
[tick 289] L: [+0.498, -0.175, +0.000, +0.000, +0.229, +0.227, +0.023, +0.091, +0.159, +0.244, +0.431, +0.544] R: [+0.249, -0.175, +0.021, +0.000, +0.134, +0.191, +0.070, +0.106, +0.033, +0.085, +0.201, +0.248]
[tick 290] L: [+0.498, -0.175, +0.000, +0.000, +0.229, +0.227, +0.023, +0.091, +0.159, +0.244, +0.431, +0.544] R: [+0.249, -0.175, +0.021, +0.000, +0.134, +0.191, +0.070, +0.106, +0.033, +0.085, +0.201, +0.248]
[tick 291] L: [+0.498, -0.175, +0.000, +0.000, +0.229, +0.227, +0.023, +0.091, +0.159, +0.244, +0.431, +0.544] R: [+0.249, -0.175, +0.021, +0.000, +0.134, +0.191, +0.070, +0.106, +0.033, +0.085, +0.201, +0.248]
[tick 292] L: [+0.498, -0.175, +0.000, +0.000, +0.229, +0.227, +0.023, +0.091, +0.159, +0.244, +0.431, +0.544] R: [+0.249, -0.175, +0.021, +0.000, +0.134, +0.191, +0.070, +0.106, +0.033, +0.085, +0.201, +0.248]
[tick 293] L: [+0.498, -0.175, +0.000, +0.000, +0.229, +0.227, +0.023, +0.091, +0.159, +0.244, +0.431, +0.544] R: [+0.249, -0.175, +0.021, +0.000, +0.134, +0.191, +0.070, +0.106, +0.033, +0.085, +0.201, +0.248]
[tick 294] L: [+0.498, -0.175, +0.000, +0.000, +0.229, +0.227, +0.023, +0.091, +0.159, +0.244, +0.431, +0.544] R: [+0.249, -0.175, +0.021, +0.000, +0.134, +0.191, +0.070, +0.106, +0.033, +0.085, +0.201, +0.248]
[tick 295] L: [+0.498, -0.175, +0.000, +0.000, +0.229, +0.227, +0.023, +0.091, +0.159, +0.244, +0.431, +0.544] R: [+0.249, -0.175, +0.021, +0.000, +0.134, +0.191, +0.070, +0.106, +0.033, +0.085, +0.201, +0.248]
[tick 296] L: [+0.498, -0.175, +0.000, +0.000, +0.229, +0.227, +0.023, +0.091, +0.159, +0.244, +0.431, +0.544] R: [+0.249, -0.175, +0.021, +0.000, +0.134, +0.191, +0.070, +0.106, +0.033, +0.085, +0.201, +0.248]
[tick 297] L: [+0.498, -0.175, +0.000, +0.000, +0.229, +0.227, +0.023, +0.091, +0.159, +0.244, +0.431, +0.544] R: [+0.249, -0.175, +0.021, +0.000, +0.134, +0.191, +0.070, +0.106, +0.033, +0.085, +0.201, +0.248]
[tick 298] L: [+0.498, -0.175, +0.000, +0.000, +0.229, +0.227, +0.023, +0.091, +0.159, +0.244, +0.431, +0.544] R: [+0.249, -0.175, +0.021, +0.000, +0.134, +0.191, +0.070, +0.106, +0.033, +0.085, +0.201, +0.248]
[tick 299] L: [+0.498, -0.175, +0.000, +0.000, +0.229, +0.227, +0.023, +0.091, +0.159, +0.244, +0.431, +0.544] R: [+0.249, -0.175, +0.021, +0.000, +0.134, +0.191, +0.070, +0.106, +0.033, +0.085, +0.201, +0.248]
[tick 300] L: [+0.498, -0.175, +0.000, +0.000, +0.229, +0.227, +0.023, +0.091, +0.159, +0.244, +0.431, +0.544] R: [+0.249, -0.175, +0.021, +0.000, +0.134, +0.191, +0.070, +0.106, +0.033, +0.085, +0.201, +0.248]
[INFO] exited after 3.0s, 300 ticks, 300 valid frames
