[   22.817909] RTW: wmm_para_seq(2): 2
[   22.817912] RTW: wmm_para_seq(3): 3
[   22.817926] RTW: rtw_dfs_rd_en_decision(HB0) needed:0, lgd_sta_in_dfs:0, wlxfc23cd913e55 mlme_act:7, excl_ifbmp:0x00
[   22.817932] RTW: rtw_dfs_rd_en_decision(HB0) ld_sta:1, lg_sta:0, ap:0, mesh:0, 1,48,2,3, rd_freq:0~0
[   22.817945] RTW: [MI] union:1,48,2,3
[   22.817947] RTW: [MI] u chandef:1,48,2,3
[   22.821622] RTW: issue_addba_rsp_wait_ack(wlxfc23cd913e55) ra=a2:f7:0b:84:93:d0 status:=0 tid=0 size:64, acked, 1/3 in 4 ms
[   83.883831] RTW: OnAction_back
[   83.883844] RTW: OnAction_back, action=0
[   83.986181] RTW: OnAction_back
[   83.986226] RTW: OnAction_back, action=0
[   84.088510] RTW: OnAction_back
[   84.088548] RTW: OnAction_back, action=0
[   84.108633] RTW: issue_addba_rsp_wait_ack(wlxfc23cd913e55) ra=a2:f7:0b:84:93:d0 status:=0 tid=6 size:64, acked, 1/3 in 0 ms
[   84.110143] RTW: issue_addba_rsp_wait_ack(wlxfc23cd913e55) ra=a2:f7:0b:84:93:d0 status:=0 tid=6 size:64, acked, 1/3 in 0 ms
[   84.111753] RTW: issue_addba_rsp_wait_ack(wlxfc23cd913e55) ra=a2:f7:0b:84:93:d0 status:=0 tid=6 size:64, acked, 1/3 in 0 ms
[  675.016942] usb 1-2.3: USB disconnect, device number 3
[  678.056865] usb 1-2.3: new high-speed USB device number 5 using tegra-xusb
[  678.165341] cdc_acm 1-2.3:1.0: ttyACM0: USB ACM device
[  678.166562] cdc_acm 1-2.3:1.2: ttyACM1: USB ACM device
crw-rw---- 1 root dialout 166, 0  5月 18 19:13 /dev/ttyACM0
crw-rw---- 1 root dialout 166, 1  5月 18 19:13 /dev/ttyACM1
ID_VENDOR=wch.cn
ID_VENDOR_ENC=wch.cn
ID_VENDOR_ID=1a86
ID_MODEL=UART+SPI+I2C+JTAG
ID_MODEL_ENC=UART+SPI+I2C+JTAG
ID_MODEL_ID=55de
ID_SERIAL=wch.cn_UART+SPI+I2C+JTAG_BD7977ABCD
ID_SERIAL_SHORT=BD7977ABCD
ID_VENDOR_FROM_DATABASE=QinHeng Electronics
