[INFO] config loaded: ../config.yaml
[INFO] mode: FULL (UDP + XHand)
[INFO] UDP bound 0.0.0.0:9000
try open device times: 1 / 3 
Start reading data from serial port
[INFO] XHand SDK version: 1.4.3
[INFO] Serial: /dev/ttyACM2 @ 3000000 baud
[INFO] hand_id=1 type=Left
try open device times: 1 / 3 
Start reading data from serial port
[INFO] XHand SDK version: 1.4.3
[INFO] Serial: /dev/ttyACM0 @ 3000000 baud
[INFO] hand_id=0 type=Right
[INFO] waiting for first calibrated UDP frame (timeout=10s)...
[INFO] first packet from 192.168.3.24
crc err   0  9ca9 FrameDataLen 2208
[INFO] Shutdown: mode=0 (passive)
serial close
[INFO] Device closed
[INFO] Shutdown: mode=0 (passive)
serial close
[INFO] Device closed
[INFO] latency_ms{n=1164 min=19.0683 avg=19.3755 p50=19.121 p95=19.1954 max=111.166}
[INFO] exited after 24.9s, 2126 ticks, 1164 valid frames, 0 parse errors
